GROUP,PACKAGE,CLASS,INSTRUCTION_MISSED,INSTRUCTION_COVERED,BRANCH_MISSED,BRANCH_COVERED,LINE_MISSED,LINE_COVERED,COMPLEXITY_MISSED,COMPLEXITY_COVERED,METHOD_MISSED,METHOD_COVERED
javashoppingcartwithlocalizationUI,localizationUI,CartCalculatorService,0,55,0,0,0,12,0,1,0,1
javashoppingcartwithlocalizationUI,localizationUI,ItemModel,0,27,0,0,0,9,0,5,0,5
javashoppingcartwithlocalizationUI,localizationUI,ViewLoader,67,0,6,0,18,0,6,0,3,0
javashoppingcartwithlocalizationUI,localizationUI,Main,17,0,0,0,8,0,3,0,3,0
javashoppingcartwithlocalizationUI,localizationUI,LocalizationService,112,40,3,3,23,10,2,3,0,2
javashoppingcartwithlocalizationUI,localizationUI,MainViewController,575,0,12,0,127,0,28,0,22,0
